<?xml version="1.0" encoding="UTF-8"?>
<!-- Generated by org.testng.reporters.JUnitReportReporter -->
<testsuite skipped="0" hostname="DESKTOP-RI6N6PK" name="sample2.Test2" tests="1" failures="0" timestamp="06 Mar 2022 06:04:15 GMT" time="8.056" errors="0">
  <testcase name="validateGoogle" time="8.056" classname="sample2.Test2"/>
</testsuite> <!-- sample2.Test2 -->
