<?xml version="1.0" encoding="UTF-8"?>
<!-- Generated by org.testng.reporters.JUnitReportReporter -->
<testsuite skipped="0" hostname="DESKTOP-RI6N6PK" name="sample1.Test1" tests="1" failures="0" timestamp="06 Mar 2022 06:02:05 GMT" time="17.083" errors="0">
  <testcase name="validateGoogle" time="17.083" classname="sample1.Test1"/>
</testsuite> <!-- sample1.Test1 -->
