<?xml version="1.0" encoding="UTF-8"?>
<!-- Generated by org.testng.reporters.JUnitReportReporter -->
<testsuite skipped="0" hostname="DESKTOP-RI6N6PK" name="sample2.Test2" tests="1" failures="0" timestamp="12 Mar 2022 06:39:53 GMT" time="6.768" errors="0">
  <testcase name="validateGoogle" time="6.768" classname="sample2.Test2"/>
</testsuite> <!-- sample2.Test2 -->
